Determining if the pthread_create exist failed with the following output:
Change Dir: /home/yao/moveit_tutorial/build/probot_anno_ikfast_manipulator_plugin/CMakeFiles/CMakeTmp

Run Build Command:"/usr/bin/make" "cmTC_9a4d5/fast"
/usr/bin/make -f CMakeFiles/cmTC_9a4d5.dir/build.make CMakeFiles/cmTC_9a4d5.dir/build
make[1]: Entering directory '/home/yao/moveit_tutorial/build/probot_anno_ikfast_manipulator_plugin/CMakeFiles/CMakeTmp'
Building C object CMakeFiles/cmTC_9a4d5.dir/CheckSymbolExists.c.o
/usr/bin/cc     -o CMakeFiles/cmTC_9a4d5.dir/CheckSymbolExists.c.o   -c /home/yao/moveit_tutorial/build/probot_anno_ikfast_manipulator_plugin/CMakeFiles/CMakeTmp/CheckSymbolExists.c
Linking C executable cmTC_9a4d5
/usr/bin/cmake -E cmake_link_script CMakeFiles/cmTC_9a4d5.dir/link.txt --verbose=1
/usr/bin/cc       CMakeFiles/cmTC_9a4d5.dir/CheckSymbolExists.c.o  -o cmTC_9a4d5 -rdynamic 
CMakeFiles/cmTC_9a4d5.dir/CheckSymbolExists.c.o: In function `main':
CheckSymbolExists.c:(.text+0x16): undefined reference to `pthread_create'
collect2: error: ld returned 1 exit status
CMakeFiles/cmTC_9a4d5.dir/build.make:97: recipe for target 'cmTC_9a4d5' failed
make[1]: *** [cmTC_9a4d5] Error 1
make[1]: Leaving directory '/home/yao/moveit_tutorial/build/probot_anno_ikfast_manipulator_plugin/CMakeFiles/CMakeTmp'
Makefile:126: recipe for target 'cmTC_9a4d5/fast' failed
make: *** [cmTC_9a4d5/fast] Error 2

File /home/yao/moveit_tutorial/build/probot_anno_ikfast_manipulator_plugin/CMakeFiles/CMakeTmp/CheckSymbolExists.c:
/* */
#include <pthread.h>

int main(int argc, char** argv)
{
  (void)argv;
#ifndef pthread_create
  return ((int*)(&pthread_create))[argc];
#else
  (void)argc;
  return 0;
#endif
}

Determining if the function pthread_create exists in the pthreads failed with the following output:
Change Dir: /home/yao/moveit_tutorial/build/probot_anno_ikfast_manipulator_plugin/CMakeFiles/CMakeTmp

Run Build Command:"/usr/bin/make" "cmTC_ca3f9/fast"
/usr/bin/make -f CMakeFiles/cmTC_ca3f9.dir/build.make CMakeFiles/cmTC_ca3f9.dir/build
make[1]: Entering directory '/home/yao/moveit_tutorial/build/probot_anno_ikfast_manipulator_plugin/CMakeFiles/CMakeTmp'
Building C object CMakeFiles/cmTC_ca3f9.dir/CheckFunctionExists.c.o
/usr/bin/cc    -DCHECK_FUNCTION_EXISTS=pthread_create   -o CMakeFiles/cmTC_ca3f9.dir/CheckFunctionExists.c.o   -c /usr/share/cmake-3.5/Modules/CheckFunctionExists.c
Linking C executable cmTC_ca3f9
/usr/bin/cmake -E cmake_link_script CMakeFiles/cmTC_ca3f9.dir/link.txt --verbose=1
/usr/bin/cc   -DCHECK_FUNCTION_EXISTS=pthread_create    CMakeFiles/cmTC_ca3f9.dir/CheckFunctionExists.c.o  -o cmTC_ca3f9 -rdynamic -lpthreads 
/usr/bin/ld: cannot find -lpthreads
collect2: error: ld returned 1 exit status
CMakeFiles/cmTC_ca3f9.dir/build.make:97: recipe for target 'cmTC_ca3f9' failed
make[1]: *** [cmTC_ca3f9] Error 1
make[1]: Leaving directory '/home/yao/moveit_tutorial/build/probot_anno_ikfast_manipulator_plugin/CMakeFiles/CMakeTmp'
Makefile:126: recipe for target 'cmTC_ca3f9/fast' failed
make: *** [cmTC_ca3f9/fast] Error 2


