-- Using CATKIN_DEVEL_PREFIX: /home/yao/moveit_tutorial/devel/.private/probot_examples
-- Using CMAKE_PREFIX_PATH: /home/yao/moveit_tutorial/devel;/home/yao/ws_moveit/devel;/opt/ros/kinetic
-- This workspace overlays: /home/yao/moveit_tutorial/devel;/home/yao/ws_moveit/devel;/opt/ros/kinetic
-- Found PythonInterp: /usr/bin/python2 (found suitable version "2.7.12", minimum required is "2")
-- Using PYTHON_EXECUTABLE: /usr/bin/python2
-- Using Debian Python package layout
-- Using empy: /usr/bin/empy
-- Using CATKIN_ENABLE_TESTING: ON
-- Call enable_testing()
-- Using CATKIN_TEST_RESULTS_DIR: /home/yao/moveit_tutorial/build/probot_examples/test_results
-- Found gtest sources under '/usr/src/gmock': gtests will be built
-- Found gmock sources under '/usr/src/gmock': gmock will be built
-- Found PythonInterp: /usr/bin/python2 (found version "2.7.12")
-- Using Python nosetests: /usr/bin/nosetests-2.7
-- catkin 0.7.29
-- BUILD_SHARED_LIBS is on
-- Using these message generators: gencpp;geneus;genlisp;gennodejs;genpy
CMake Error at /opt/ros/kinetic/share/catkin/cmake/custom_install.cmake:13 (_install):
  install TARGETS given target "run_circle" which does not exist in this
  directory.
Call Stack (most recent call first):
  CMakeLists.txt:226 (install)


-- Configuring incomplete, errors occurred!
See also "/home/yao/moveit_tutorial/build/probot_examples/CMakeFiles/CMakeOutput.log".
See also "/home/yao/moveit_tutorial/build/probot_examples/CMakeFiles/CMakeError.log".
Makefile:1616: recipe for target 'cmake_check_build_system' failed
make: *** [cmake_check_build_system] Error 1
