Determining if the pthread_create exist failed with the following output:
Change Dir: /home/yao/moveit_tutorial/build/probot_examples/CMakeFiles/CMakeTmp

Run Build Command:"/usr/bin/make" "cmTC_44428/fast"
/usr/bin/make -f CMakeFiles/cmTC_44428.dir/build.make CMakeFiles/cmTC_44428.dir/build
make[1]: Entering directory '/home/yao/moveit_tutorial/build/probot_examples/CMakeFiles/CMakeTmp'
Building C object CMakeFiles/cmTC_44428.dir/CheckSymbolExists.c.o
/usr/bin/cc     -o CMakeFiles/cmTC_44428.dir/CheckSymbolExists.c.o   -c /home/yao/moveit_tutorial/build/probot_examples/CMakeFiles/CMakeTmp/CheckSymbolExists.c
Linking C executable cmTC_44428
/usr/bin/cmake -E cmake_link_script CMakeFiles/cmTC_44428.dir/link.txt --verbose=1
/usr/bin/cc       CMakeFiles/cmTC_44428.dir/CheckSymbolExists.c.o  -o cmTC_44428 -rdynamic 
CMakeFiles/cmTC_44428.dir/CheckSymbolExists.c.o: In function `main':
CheckSymbolExists.c:(.text+0x16): undefined reference to `pthread_create'
collect2: error: ld returned 1 exit status
CMakeFiles/cmTC_44428.dir/build.make:97: recipe for target 'cmTC_44428' failed
make[1]: *** [cmTC_44428] Error 1
make[1]: Leaving directory '/home/yao/moveit_tutorial/build/probot_examples/CMakeFiles/CMakeTmp'
Makefile:126: recipe for target 'cmTC_44428/fast' failed
make: *** [cmTC_44428/fast] Error 2

File /home/yao/moveit_tutorial/build/probot_examples/CMakeFiles/CMakeTmp/CheckSymbolExists.c:
/* */
#include <pthread.h>

int main(int argc, char** argv)
{
  (void)argv;
#ifndef pthread_create
  return ((int*)(&pthread_create))[argc];
#else
  (void)argc;
  return 0;
#endif
}

Determining if the function pthread_create exists in the pthreads failed with the following output:
Change Dir: /home/yao/moveit_tutorial/build/probot_examples/CMakeFiles/CMakeTmp

Run Build Command:"/usr/bin/make" "cmTC_6bac0/fast"
/usr/bin/make -f CMakeFiles/cmTC_6bac0.dir/build.make CMakeFiles/cmTC_6bac0.dir/build
make[1]: Entering directory '/home/yao/moveit_tutorial/build/probot_examples/CMakeFiles/CMakeTmp'
Building C object CMakeFiles/cmTC_6bac0.dir/CheckFunctionExists.c.o
/usr/bin/cc    -DCHECK_FUNCTION_EXISTS=pthread_create   -o CMakeFiles/cmTC_6bac0.dir/CheckFunctionExists.c.o   -c /usr/share/cmake-3.5/Modules/CheckFunctionExists.c
Linking C executable cmTC_6bac0
/usr/bin/cmake -E cmake_link_script CMakeFiles/cmTC_6bac0.dir/link.txt --verbose=1
/usr/bin/cc   -DCHECK_FUNCTION_EXISTS=pthread_create    CMakeFiles/cmTC_6bac0.dir/CheckFunctionExists.c.o  -o cmTC_6bac0 -rdynamic -lpthreads 
/usr/bin/ld: cannot find -lpthreads
collect2: error: ld returned 1 exit status
CMakeFiles/cmTC_6bac0.dir/build.make:97: recipe for target 'cmTC_6bac0' failed
make[1]: *** [cmTC_6bac0] Error 1
make[1]: Leaving directory '/home/yao/moveit_tutorial/build/probot_examples/CMakeFiles/CMakeTmp'
Makefile:126: recipe for target 'cmTC_6bac0/fast' failed
make: *** [cmTC_6bac0/fast] Error 2


